<?xml version="1.0" encoding="UTF-8"?>
<testng-results skipped="0" failed="0" ignored="0" total="1" passed="1">
  <reporter-output>
  </reporter-output>
  <suite name="Suite1" duration-ms="38602" started-at="2020-04-06T22:08:22 IST" finished-at="2020-04-06T22:09:01 IST">
    <groups>
    </groups>
    <test name="module1" duration-ms="38602" started-at="2020-04-06T22:08:22 IST" finished-at="2020-04-06T22:09:01 IST">
      <class name="sample.sample.com.MouseHover3">
        <test-method status="PASS" signature="start()[pri:0, instance:sample.sample.com.MouseHover3@1e397ed7]" name="start" is-config="true" duration-ms="8731" started-at="2020-04-06T22:08:22 IST" finished-at="2020-04-06T22:08:31 IST">
          <reporter-output>
          </reporter-output>
        </test-method> <!-- start -->
        <test-method status="PASS" signature="openBrowser()[pri:0, instance:sample.sample.com.MouseHover3@1e397ed7]" name="openBrowser" duration-ms="25473" started-at="2020-04-06T22:08:31 IST" finished-at="2020-04-06T22:08:56 IST">
          <reporter-output>
          </reporter-output>
        </test-method> <!-- openBrowser -->
        <test-method status="PASS" signature="closeBrowser()[pri:0, instance:sample.sample.com.MouseHover3@1e397ed7]" name="closeBrowser" is-config="true" duration-ms="4353" started-at="2020-04-06T22:08:56 IST" finished-at="2020-04-06T22:09:01 IST">
          <reporter-output>
          </reporter-output>
        </test-method> <!-- closeBrowser -->
      </class> <!-- sample.sample.com.MouseHover3 -->
    </test> <!-- module1 -->
  </suite> <!-- Suite1 -->
</testng-results>
